<?xml version="1.0" encoding="UTF-8"?>
<!-- Generated by org.testng.reporters.JUnitXMLReporter -->
<testsuite ignored="0" hostname="Neeru" failures="0" tests="4" name="TestN" time="22.83" errors="0" timestamp="2023-06-21T23:05:09 EDT">
  <testcase classname="testlayer.LoginTest" name="Login" time="3.266"/>
  <testcase classname="testlayer.LoginTest" name="Login" time="3.293"/>
  <testcase classname="testlayer.LoginTest" name="Login" time="3.476"/>
  <testcase classname="testlayer.LoginTest" name="Title" time="0.009"/>
</testsuite> <!-- TestN -->
