<?xml version="1.0" encoding="UTF-8"?>
<!-- Generated by org.testng.reporters.JUnitXMLReporter -->
<testsuite ignored="0" hostname="Neeru" failures="0" tests="4" name="Default test" time="25.569" errors="0" timestamp="2023-06-21T16:32:00 EDT">
  <testcase classname="testlayer.LoginTest" name="Login" time="3.415"/>
  <testcase classname="testlayer.LoginTest" name="Login" time="3.304"/>
  <testcase classname="testlayer.LoginTest" name="Login" time="3.29"/>
  <testcase classname="testlayer.LoginTest" name="Title" time="0.01"/>
</testsuite> <!-- Default test -->
