<?xml version="1.0" encoding="UTF-8"?>
<testng-results ignored="0" total="4" passed="4" failed="0" skipped="0">
  <reporter-output>
  </reporter-output>
  <suite started-at="2023-06-21T23:04:46 EDT" name="OrangeHRM" finished-at="2023-06-21T23:05:09 EDT" duration-ms="22830">
    <groups>
    </groups>
    <test started-at="2023-06-21T23:04:46 EDT" name="TestN" finished-at="2023-06-21T23:05:09 EDT" duration-ms="22830">
      <class name="testlayer.LoginTest">
        <test-method is-config="true" signature="initsetup()[pri:0, instance:testlayer.LoginTest@15de0b3c]" started-at="2023-06-21T23:04:47 EDT" name="initsetup" finished-at="2023-06-21T23:04:50 EDT" duration-ms="3391" status="PASS">
          <reporter-output>
          </reporter-output>
        </test-method> <!-- initsetup -->
        <test-method signature="Login(java.lang.String,java.lang.String)[pri:0, instance:testlayer.LoginTest@15de0b3c]" started-at="2023-06-21T23:04:50 EDT" name="Login" data-provider="Details" finished-at="2023-06-21T23:04:54 EDT" duration-ms="3266" status="PASS">
          <params>
            <param index="0">
              <value>
                <![CDATA[Admin]]>
              </value>
            </param>
            <param index="1">
              <value>
                <![CDATA[Admin123]]>
              </value>
            </param>
          </params>
          <reporter-output>
          </reporter-output>
        </test-method> <!-- Login -->
        <test-method is-config="true" signature="close()[pri:0, instance:testlayer.LoginTest@15de0b3c]" started-at="2023-06-21T23:04:54 EDT" name="close" finished-at="2023-06-21T23:04:54 EDT" duration-ms="0" status="PASS">
          <reporter-output>
          </reporter-output>
        </test-method> <!-- close -->
        <test-method is-config="true" signature="initsetup()[pri:0, instance:testlayer.LoginTest@15de0b3c]" started-at="2023-06-21T23:04:54 EDT" name="initsetup" finished-at="2023-06-21T23:04:57 EDT" duration-ms="2983" status="PASS">
          <reporter-output>
          </reporter-output>
        </test-method> <!-- initsetup -->
        <test-method signature="Login(java.lang.String,java.lang.String)[pri:0, instance:testlayer.LoginTest@15de0b3c]" started-at="2023-06-21T23:04:57 EDT" name="Login" data-provider="Details" finished-at="2023-06-21T23:05:00 EDT" duration-ms="3293" status="PASS">
          <params>
            <param index="0">
              <value>
                <![CDATA[Admin]]>
              </value>
            </param>
            <param index="1">
              <value>
                <![CDATA[abcd]]>
              </value>
            </param>
          </params>
          <reporter-output>
          </reporter-output>
        </test-method> <!-- Login -->
        <test-method is-config="true" signature="close()[pri:0, instance:testlayer.LoginTest@15de0b3c]" started-at="2023-06-21T23:05:00 EDT" name="close" finished-at="2023-06-21T23:05:00 EDT" duration-ms="0" status="PASS">
          <reporter-output>
          </reporter-output>
        </test-method> <!-- close -->
        <test-method is-config="true" signature="initsetup()[pri:0, instance:testlayer.LoginTest@15de0b3c]" started-at="2023-06-21T23:05:00 EDT" name="initsetup" finished-at="2023-06-21T23:05:03 EDT" duration-ms="3081" status="PASS">
          <reporter-output>
          </reporter-output>
        </test-method> <!-- initsetup -->
        <test-method signature="Login(java.lang.String,java.lang.String)[pri:0, instance:testlayer.LoginTest@15de0b3c]" started-at="2023-06-21T23:05:03 EDT" name="Login" data-provider="Details" finished-at="2023-06-21T23:05:06 EDT" duration-ms="3476" status="PASS">
          <params>
            <param index="0">
              <value>
                <![CDATA[scott]]>
              </value>
            </param>
            <param index="1">
              <value>
                <![CDATA[xyz]]>
              </value>
            </param>
          </params>
          <reporter-output>
          </reporter-output>
        </test-method> <!-- Login -->
        <test-method is-config="true" signature="close()[pri:0, instance:testlayer.LoginTest@15de0b3c]" started-at="2023-06-21T23:05:06 EDT" name="close" finished-at="2023-06-21T23:05:06 EDT" duration-ms="0" status="PASS">
          <reporter-output>
          </reporter-output>
        </test-method> <!-- close -->
        <test-method is-config="true" signature="initsetup()[pri:0, instance:testlayer.LoginTest@15de0b3c]" started-at="2023-06-21T23:05:06 EDT" name="initsetup" finished-at="2023-06-21T23:05:09 EDT" duration-ms="2832" status="PASS">
          <reporter-output>
          </reporter-output>
        </test-method> <!-- initsetup -->
        <test-method signature="Title()[pri:0, instance:testlayer.LoginTest@15de0b3c]" started-at="2023-06-21T23:05:09 EDT" name="Title" finished-at="2023-06-21T23:05:09 EDT" duration-ms="9" status="PASS">
          <reporter-output>
          </reporter-output>
        </test-method> <!-- Title -->
        <test-method is-config="true" signature="close()[pri:0, instance:testlayer.LoginTest@15de0b3c]" started-at="2023-06-21T23:05:09 EDT" name="close" finished-at="2023-06-21T23:05:09 EDT" duration-ms="0" status="PASS">
          <reporter-output>
          </reporter-output>
        </test-method> <!-- close -->
      </class> <!-- testlayer.LoginTest -->
    </test> <!-- TestN -->
  </suite> <!-- OrangeHRM -->
</testng-results>
